<?xml version="1.0" encoding="UTF-8"?>
<testsuite name="de.enterpriseosgi.tycho.bundle.tests.TestKlasse" time="0.002" tests="1" errors="0" skipped="0" failures="1">
  <properties>
[...]
</properties>
  <testcase name="test" classname="de.enterpriseosgi.tycho.bundle.tests.TestKlasse" time="0.002">
    <failure message="Not yet implemented" type="java.lang.AssertionError">java.lang.AssertionError: Not yet implemented
	at org.junit.Assert.fail(Assert.java:88)
	at de.enterpriseosgi.tycho.bundle.tests.TestKlasse.test(TestKlasse.java:11)
</failure>
  </testcase>
</testsuite>